0 info it worked if it ends with ok
1 verbose cli [ 'C:\\Program Files\\nodejs\\node.exe',
1 verbose cli   'C:\\Program Files\\nodejs\\node_modules\\npm\\bin\\npm-cli.js',
1 verbose cli   'run',
1 verbose cli   'karmatest' ]
2 info using npm@3.3.6
3 info using node@v5.0.0
4 verbose run-script [ 'prekarmatest', 'karmatest', 'postkarmatest' ]
5 info lifecycle angular2-quickstart@1.0.0~prekarmatest: angular2-quickstart@1.0.0
6 silly lifecycle angular2-quickstart@1.0.0~prekarmatest: no script for prekarmatest, continuing
7 info lifecycle angular2-quickstart@1.0.0~karmatest: angular2-quickstart@1.0.0
8 verbose lifecycle angular2-quickstart@1.0.0~karmatest: unsafe-perm in lifecycle true
9 verbose lifecycle angular2-quickstart@1.0.0~karmatest: PATH: C:\Program Files\nodejs\node_modules\npm\bin\node-gyp-bin;E:\angular2\demo\angularjs2_typescript_project_demo\node_modules\.bin;C:\Users\gg-05\bin;C:\Users\gg-05\AppData\Local\Programs\Git\mingw64\bin;C:\Users\gg-05\AppData\Local\Programs\Git\usr\local\bin;C:\Users\gg-05\AppData\Local\Programs\Git\usr\bin;C:\Users\gg-05\AppData\Local\Programs\Git\usr\bin;C:\Users\gg-05\AppData\Local\Programs\Git\mingw64\bin;C:\Users\gg-05\AppData\Local\Programs\Git\usr\bin;C:\Users\gg-05\bin;C:\WINDOWS\system32;C:\WINDOWS;C:\WINDOWS\System32\Wbem;C:\WINDOWS\System32\WindowsPowerShell\v1.0;C:\HashiCorp\Vagrant\bin;C:\Program Files\nodejs;C:\Program Files\TortoiseGit\bin;C:\Program Files (x86)\Skype\Phone;C:\Program Files (x86)\Windows Kits\10\Windows Performance Toolkit;C:\Program Files\Microsoft SQL Server\Client SDK\ODBC\110\Tools\Binn;C:\Program Files (x86)\Microsoft SQL Server\120\Tools\Binn;C:\Program Files\Microsoft SQL Server\120\Tools\Binn;C:\Program Files\Microsoft SQL Server\120\DTS\Binn;C:\Program Files (x86)\Microsoft SQL Server\120\Tools\Binn\ManagementStudio;C:\Program Files (x86)\Microsoft SQL Server\120\DTS\Binn;C:\Users\gg-05\.dnx\bin;C:\Windows\system32;C:\Windows;C:\Windows\System32\Wbem;C:\Windows\System32\WindowsPowerShell\v1.0;C:\HashiCorp\Vagrant\bin;C:\Users\gg-05\AppData\Roaming\npm;C:\Users\gg-05\AppData\Local\atom\bin;C:\Program Files (x86)\Microsoft VS Code\bin;C:\Users\gg-05\AppData\Local\Programs\Git\usr\bin\vendor_perl;C:\Users\gg-05\AppData\Local\Programs\Git\usr\bin\core_perl
10 verbose lifecycle angular2-quickstart@1.0.0~karmatest: CWD: E:\angular2\demo\angularjs2_typescript_project_demo
11 silly lifecycle angular2-quickstart@1.0.0~karmatest: Args: [ '/d /s /c',
11 silly lifecycle   'concurrent "npm run tsc" "karma start karma.conf.js" ' ]
12 silly lifecycle angular2-quickstart@1.0.0~karmatest: Returned: code: 1  signal: null
13 info lifecycle angular2-quickstart@1.0.0~karmatest: Failed to exec karmatest script
14 verbose stack Error: angular2-quickstart@1.0.0 karmatest: `concurrent "npm run tsc" "karma start karma.conf.js" `
14 verbose stack Exit status 1
14 verbose stack     at EventEmitter.<anonymous> (C:\Program Files\nodejs\node_modules\npm\lib\utils\lifecycle.js:233:16)
14 verbose stack     at emitTwo (events.js:87:13)
14 verbose stack     at EventEmitter.emit (events.js:172:7)
14 verbose stack     at ChildProcess.<anonymous> (C:\Program Files\nodejs\node_modules\npm\lib\utils\spawn.js:24:14)
14 verbose stack     at emitTwo (events.js:87:13)
14 verbose stack     at ChildProcess.emit (events.js:172:7)
14 verbose stack     at maybeClose (internal/child_process.js:818:16)
14 verbose stack     at Process.ChildProcess._handle.onexit (internal/child_process.js:211:5)
15 verbose pkgid angular2-quickstart@1.0.0
16 verbose cwd E:\angular2\demo\angularjs2_typescript_project_demo
17 error Windows_NT 10.0.10586
18 error argv "C:\\Program Files\\nodejs\\node.exe" "C:\\Program Files\\nodejs\\node_modules\\npm\\bin\\npm-cli.js" "run" "karmatest"
19 error node v5.0.0
20 error npm  v3.3.6
21 error code ELIFECYCLE
22 error angular2-quickstart@1.0.0 karmatest: `concurrent "npm run tsc" "karma start karma.conf.js" `
22 error Exit status 1
23 error Failed at the angular2-quickstart@1.0.0 karmatest script 'concurrent "npm run tsc" "karma start karma.conf.js" '.
23 error This is most likely a problem with the angular2-quickstart package,
23 error not with npm itself.
23 error Tell the author that this fails on your system:
23 error     concurrent "npm run tsc" "karma start karma.conf.js"
23 error You can get their info via:
23 error     npm owner ls angular2-quickstart
23 error There is likely additional logging output above.
24 verbose exit [ 1, true ]
